{"/home/abhinav/Documents/Learning/virtual-prompt-wars/VPW-challenge-2/frontend/src/pages/Eligibility.jsx": {"path":"/home/abhinav/Documents/Learning/virtual-prompt-wars/VPW-challenge-2/frontend/src/pages/Eligibility.jsx","statementMap":{"0":{"start":{"line":8,"column":18},"end":{"line":30,"column":null}},"1":{"start":{"line":32,"column":20},"end":{"line":239,"column":null}},"2":{"start":{"line":33,"column":69},"end":{"line":33,"column":null}},"3":{"start":{"line":34,"column":8},"end":{"line":34,"column":null}},"4":{"start":{"line":35,"column":36},"end":{"line":35,"column":null}},"5":{"start":{"line":36,"column":28},"end":{"line":36,"column":null}},"6":{"start":{"line":37,"column":30},"end":{"line":37,"column":null}},"7":{"start":{"line":38,"column":28},"end":{"line":38,"column":null}},"8":{"start":{"line":39,"column":26},"end":{"line":39,"column":null}},"9":{"start":{"line":41,"column":20},"end":{"line":41,"column":null}},"10":{"start":{"line":43,"column":23},"end":{"line":85,"column":null}},"11":{"start":{"line":44,"column":27},"end":{"line":44,"column":null}},"12":{"start":{"line":45,"column":4},"end":{"line":45,"column":null}},"13":{"start":{"line":46,"column":4},"end":{"line":46,"column":null}},"14":{"start":{"line":49,"column":4},"end":{"line":49,"column":null}},"15":{"start":{"line":51,"column":4},"end":{"line":84,"column":null}},"16":{"start":{"line":52,"column":6},"end":{"line":52,"column":null}},"17":{"start":{"line":52,"column":23},"end":{"line":52,"column":57}},"18":{"start":{"line":52,"column":46},"end":{"line":52,"column":54}},"19":{"start":{"line":55,"column":6},"end":{"line":55,"column":null}},"20":{"start":{"line":56,"column":6},"end":{"line":56,"column":null}},"21":{"start":{"line":57,"column":6},"end":{"line":83,"column":null}},"22":{"start":{"line":58,"column":32},"end":{"line":63,"column":null}},"23":{"start":{"line":64,"column":21},"end":{"line":64,"column":null}},"24":{"start":{"line":65,"column":8},"end":{"line":65,"column":null}},"25":{"start":{"line":67,"column":8},"end":{"line":67,"column":null}},"26":{"start":{"line":69,"column":32},"end":{"line":69,"column":null}},"27":{"start":{"line":70,"column":8},"end":{"line":80,"column":null}},"28":{"start":{"line":82,"column":8},"end":{"line":82,"column":null}},"29":{"start":{"line":87,"column":26},"end":{"line":95,"column":null}},"30":{"start":{"line":88,"column":4},"end":{"line":94,"column":null}},"31":{"start":{"line":89,"column":6},"end":{"line":89,"column":null}},"32":{"start":{"line":90,"column":6},"end":{"line":90,"column":null}},"33":{"start":{"line":91,"column":6},"end":{"line":91,"column":null}},"34":{"start":{"line":93,"column":6},"end":{"line":93,"column":null}},"35":{"start":{"line":98,"column":2},"end":{"line":147,"column":null}},"36":{"start":{"line":99,"column":4},"end":{"line":106,"column":null}},"37":{"start":{"line":100,"column":6},"end":{"line":104,"column":null}},"38":{"start":{"line":108,"column":28},"end":{"line":108,"column":null}},"39":{"start":{"line":110,"column":4},"end":{"line":145,"column":null}},"40":{"start":{"line":130,"column":16},"end":{"line":133,"column":null}},"41":{"start":{"line":149,"column":19},"end":{"line":149,"column":null}},"42":{"start":{"line":151,"column":2},"end":{"line":237,"column":null}},"43":{"start":{"line":157,"column":12},"end":{"line":159,"column":null}},"44":{"start":{"line":190,"column":31},"end":{"line":190,"column":null}},"45":{"start":{"line":196,"column":31},"end":{"line":196,"column":null}},"46":{"start":{"line":205,"column":31},"end":{"line":205,"column":null}},"47":{"start":{"line":224,"column":39},"end":{"line":224,"column":null}}},"fnMap":{"0":{"name":"(anonymous_0)","decl":{"start":{"line":32,"column":20},"end":{"line":32,"column":26}},"loc":{"start":{"line":32,"column":26},"end":{"line":239,"column":null}},"line":32},"1":{"name":"(anonymous_1)","decl":{"start":{"line":43,"column":23},"end":{"line":43,"column":30}},"loc":{"start":{"line":43,"column":41},"end":{"line":85,"column":null}},"line":43},"2":{"name":"(anonymous_2)","decl":{"start":{"line":52,"column":17},"end":{"line":52,"column":23}},"loc":{"start":{"line":52,"column":23},"end":{"line":52,"column":57}},"line":52},"3":{"name":"(anonymous_3)","decl":{"start":{"line":52,"column":38},"end":{"line":52,"column":46}},"loc":{"start":{"line":52,"column":46},"end":{"line":52,"column":54}},"line":52},"4":{"name":"(anonymous_4)","decl":{"start":{"line":87,"column":26},"end":{"line":87,"column":32}},"loc":{"start":{"line":87,"column":32},"end":{"line":95,"column":null}},"line":87},"5":{"name":"(anonymous_5)","decl":{"start":{"line":129,"column":34},"end":{"line":129,"column":35}},"loc":{"start":{"line":130,"column":16},"end":{"line":133,"column":null}},"line":130},"6":{"name":"(anonymous_6)","decl":{"start":{"line":156,"column":25},"end":{"line":156,"column":26}},"loc":{"start":{"line":157,"column":12},"end":{"line":159,"column":null}},"line":157},"7":{"name":"(anonymous_7)","decl":{"start":{"line":190,"column":25},"end":{"line":190,"column":31}},"loc":{"start":{"line":190,"column":31},"end":{"line":190,"column":null}},"line":190},"8":{"name":"(anonymous_8)","decl":{"start":{"line":196,"column":25},"end":{"line":196,"column":31}},"loc":{"start":{"line":196,"column":31},"end":{"line":196,"column":null}},"line":196},"9":{"name":"(anonymous_9)","decl":{"start":{"line":205,"column":25},"end":{"line":205,"column":31}},"loc":{"start":{"line":205,"column":31},"end":{"line":205,"column":null}},"line":205},"10":{"name":"(anonymous_10)","decl":{"start":{"line":224,"column":33},"end":{"line":224,"column":39}},"loc":{"start":{"line":224,"column":39},"end":{"line":224,"column":null}},"line":224}},"branchMap":{"0":{"loc":{"start":{"line":51,"column":4},"end":{"line":84,"column":null}},"type":"if","locations":[{"start":{"line":51,"column":4},"end":{"line":84,"column":null}},{"start":{"line":53,"column":11},"end":{"line":84,"column":null}}],"line":51},"1":{"loc":{"start":{"line":59,"column":20},"end":{"line":59,"column":null}},"type":"cond-expr","locations":[{"start":{"line":59,"column":47},"end":{"line":59,"column":52}},{"start":{"line":59,"column":52},"end":{"line":59,"column":null}}],"line":59},"2":{"loc":{"start":{"line":69,"column":32},"end":{"line":69,"column":null}},"type":"binary-expr","locations":[{"start":{"line":69,"column":32},"end":{"line":69,"column":60}},{"start":{"line":69,"column":60},"end":{"line":69,"column":86}},{"start":{"line":69,"column":86},"end":{"line":69,"column":null}}],"line":69},"3":{"loc":{"start":{"line":72,"column":19},"end":{"line":74,"column":null}},"type":"cond-expr","locations":[{"start":{"line":73,"column":14},"end":{"line":73,"column":null}},{"start":{"line":74,"column":14},"end":{"line":74,"column":null}}],"line":72},"4":{"loc":{"start":{"line":76,"column":20},"end":{"line":76,"column":99}},"type":"cond-expr","locations":[{"start":{"line":76,"column":47},"end":{"line":76,"column":68}},{"start":{"line":76,"column":68},"end":{"line":76,"column":99}}],"line":76},"5":{"loc":{"start":{"line":76,"column":109},"end":{"line":76,"column":152}},"type":"cond-expr","locations":[{"start":{"line":76,"column":136},"end":{"line":76,"column":145}},{"start":{"line":76,"column":145},"end":{"line":76,"column":152}}],"line":76},"6":{"loc":{"start":{"line":77,"column":20},"end":{"line":77,"column":103}},"type":"cond-expr","locations":[{"start":{"line":77,"column":45},"end":{"line":77,"column":70}},{"start":{"line":77,"column":70},"end":{"line":77,"column":103}}],"line":77},"7":{"loc":{"start":{"line":77,"column":113},"end":{"line":77,"column":154}},"type":"cond-expr","locations":[{"start":{"line":77,"column":138},"end":{"line":77,"column":147}},{"start":{"line":77,"column":147},"end":{"line":77,"column":154}}],"line":77},"8":{"loc":{"start":{"line":78,"column":20},"end":{"line":78,"column":116}},"type":"cond-expr","locations":[{"start":{"line":78,"column":55},"end":{"line":78,"column":78}},{"start":{"line":78,"column":78},"end":{"line":78,"column":116}}],"line":78},"9":{"loc":{"start":{"line":78,"column":126},"end":{"line":78,"column":177}},"type":"cond-expr","locations":[{"start":{"line":78,"column":161},"end":{"line":78,"column":170}},{"start":{"line":78,"column":170},"end":{"line":78,"column":177}}],"line":78},"10":{"loc":{"start":{"line":88,"column":4},"end":{"line":94,"column":null}},"type":"if","locations":[{"start":{"line":88,"column":4},"end":{"line":94,"column":null}},{"start":{"line":92,"column":11},"end":{"line":94,"column":null}}],"line":88},"11":{"loc":{"start":{"line":88,"column":8},"end":{"line":88,"column":39}},"type":"binary-expr","locations":[{"start":{"line":88,"column":8},"end":{"line":88,"column":28}},{"start":{"line":88,"column":28},"end":{"line":88,"column":39}}],"line":88},"12":{"loc":{"start":{"line":98,"column":2},"end":{"line":147,"column":null}},"type":"if","locations":[{"start":{"line":98,"column":2},"end":{"line":147,"column":null}},{"start":{},"end":{}}],"line":98},"13":{"loc":{"start":{"line":99,"column":4},"end":{"line":106,"column":null}},"type":"if","locations":[{"start":{"line":99,"column":4},"end":{"line":106,"column":null}},{"start":{},"end":{}}],"line":99},"14":{"loc":{"start":{"line":108,"column":28},"end":{"line":108,"column":null}},"type":"binary-expr","locations":[{"start":{"line":108,"column":28},"end":{"line":108,"column":41}},{"start":{"line":108,"column":41},"end":{"line":108,"column":null}}],"line":108},"15":{"loc":{"start":{"line":113,"column":98},"end":{"line":113,"column":183}},"type":"cond-expr","locations":[{"start":{"line":113,"column":116},"end":{"line":113,"column":152}},{"start":{"line":113,"column":152},"end":{"line":113,"column":183}}],"line":113},"16":{"loc":{"start":{"line":114,"column":47},"end":{"line":114,"column":136}},"type":"cond-expr","locations":[{"start":{"line":114,"column":65},"end":{"line":114,"column":102}},{"start":{"line":114,"column":102},"end":{"line":114,"column":136}}],"line":114},"17":{"loc":{"start":{"line":118,"column":13},"end":{"line":118,"column":null}},"type":"cond-expr","locations":[{"start":{"line":118,"column":25},"end":{"line":118,"column":57}},{"start":{"line":118,"column":57},"end":{"line":118,"column":null}}],"line":118},"18":{"loc":{"start":{"line":118,"column":57},"end":{"line":118,"column":null}},"type":"cond-expr","locations":[{"start":{"line":118,"column":76},"end":{"line":118,"column":110}},{"start":{"line":118,"column":110},"end":{"line":118,"column":null}}],"line":118},"19":{"loc":{"start":{"line":122,"column":13},"end":{"line":124,"column":null}},"type":"cond-expr","locations":[{"start":{"line":123,"column":16},"end":{"line":123,"column":null}},{"start":{"line":124,"column":16},"end":{"line":124,"column":null}}],"line":122},"20":{"loc":{"start":{"line":127,"column":11},"end":{"line":135,"column":null}},"type":"binary-expr","locations":[{"start":{"line":127,"column":11},"end":{"line":127,"column":30}},{"start":{"line":127,"column":30},"end":{"line":127,"column":null}},{"start":{"line":128,"column":12},"end":{"line":135,"column":null}}],"line":127},"21":{"loc":{"start":{"line":130,"column":91},"end":{"line":130,"column":327}},"type":"cond-expr","locations":[{"start":{"line":130,"column":120},"end":{"line":130,"column":222}},{"start":{"line":130,"column":222},"end":{"line":130,"column":327}}],"line":130},"22":{"loc":{"start":{"line":131,"column":59},"end":{"line":131,"column":116}},"type":"cond-expr","locations":[{"start":{"line":131,"column":88},"end":{"line":131,"column":103}},{"start":{"line":131,"column":103},"end":{"line":131,"column":116}}],"line":131},"23":{"loc":{"start":{"line":140,"column":146},"end":{"line":140,"column":251}},"type":"cond-expr","locations":[{"start":{"line":140,"column":164},"end":{"line":140,"column":209}},{"start":{"line":140,"column":209},"end":{"line":140,"column":251}}],"line":140},"24":{"loc":{"start":{"line":142,"column":13},"end":{"line":142,"column":84}},"type":"cond-expr","locations":[{"start":{"line":142,"column":31},"end":{"line":142,"column":67}},{"start":{"line":142,"column":67},"end":{"line":142,"column":84}}],"line":142},"25":{"loc":{"start":{"line":158,"column":55},"end":{"line":158,"column":122}},"type":"cond-expr","locations":[{"start":{"line":158,"column":76},"end":{"line":158,"column":92}},{"start":{"line":158,"column":92},"end":{"line":158,"column":122}}],"line":158},"26":{"loc":{"start":{"line":212,"column":17},"end":{"line":230,"column":null}},"type":"binary-expr","locations":[{"start":{"line":212,"column":17},"end":{"line":212,"column":null}},{"start":{"line":213,"column":18},"end":{"line":230,"column":null}}],"line":212}},"s":{"0":1,"1":1,"2":3,"3":3,"4":3,"5":3,"6":3,"7":3,"8":3,"9":3,"10":3,"11":0,"12":0,"13":0,"14":0,"15":0,"16":0,"17":0,"18":0,"19":0,"20":0,"21":0,"22":0,"23":0,"24":0,"25":0,"26":0,"27":0,"28":0,"29":3,"30":0,"31":0,"32":0,"33":0,"34":0,"35":3,"36":0,"37":0,"38":0,"39":0,"40":0,"41":3,"42":3,"43":9,"44":0,"45":0,"46":1,"47":0},"f":{"0":3,"1":0,"2":0,"3":0,"4":0,"5":0,"6":9,"7":0,"8":0,"9":1,"10":0},"b":{"0":[0,0],"1":[0,0],"2":[0,0,0],"3":[0,0],"4":[0,0],"5":[0,0],"6":[0,0],"7":[0,0],"8":[0,0],"9":[0,0],"10":[0,0],"11":[0,0],"12":[0,3],"13":[0,0],"14":[0,0],"15":[0,0],"16":[0,0],"17":[0,0],"18":[0,0],"19":[0,0],"20":[0,0,0],"21":[0,0],"22":[0,0],"23":[0,0],"24":[0,0],"25":[3,6],"26":[3,1]},"meta":{"lastBranch":27,"lastFunction":11,"lastStatement":48,"seen":{"s:8:18:30:Infinity":0,"s:32:20:239:Infinity":1,"f:32:20:32:26":0,"s:33:69:33:Infinity":2,"s:34:8:34:Infinity":3,"s:35:36:35:Infinity":4,"s:36:28:36:Infinity":5,"s:37:30:37:Infinity":6,"s:38:28:38:Infinity":7,"s:39:26:39:Infinity":8,"s:41:20:41:Infinity":9,"s:43:23:85:Infinity":10,"f:43:23:43:30":1,"s:44:27:44:Infinity":11,"s:45:4:45:Infinity":12,"s:46:4:46:Infinity":13,"s:49:4:49:Infinity":14,"b:51:4:84:Infinity:53:11:84:Infinity":0,"s:51:4:84:Infinity":15,"s:52:6:52:Infinity":16,"f:52:17:52:23":2,"s:52:23:52:57":17,"f:52:38:52:46":3,"s:52:46:52:54":18,"s:55:6:55:Infinity":19,"s:56:6:56:Infinity":20,"s:57:6:83:Infinity":21,"s:58:32:63:Infinity":22,"b:59:47:59:52:59:52:59:Infinity":1,"s:64:21:64:Infinity":23,"s:65:8:65:Infinity":24,"s:67:8:67:Infinity":25,"s:69:32:69:Infinity":26,"b:69:32:69:60:69:60:69:86:69:86:69:Infinity":2,"s:70:8:80:Infinity":27,"b:73:14:73:Infinity:74:14:74:Infinity":3,"b:76:47:76:68:76:68:76:99":4,"b:76:136:76:145:76:145:76:152":5,"b:77:45:77:70:77:70:77:103":6,"b:77:138:77:147:77:147:77:154":7,"b:78:55:78:78:78:78:78:116":8,"b:78:161:78:170:78:170:78:177":9,"s:82:8:82:Infinity":28,"s:87:26:95:Infinity":29,"f:87:26:87:32":4,"b:88:4:94:Infinity:92:11:94:Infinity":10,"s:88:4:94:Infinity":30,"b:88:8:88:28:88:28:88:39":11,"s:89:6:89:Infinity":31,"s:90:6:90:Infinity":32,"s:91:6:91:Infinity":33,"s:93:6:93:Infinity":34,"b:98:2:147:Infinity:undefined:undefined:undefined:undefined":12,"s:98:2:147:Infinity":35,"b:99:4:106:Infinity:undefined:undefined:undefined:undefined":13,"s:99:4:106:Infinity":36,"s:100:6:104:Infinity":37,"s:108:28:108:Infinity":38,"b:108:28:108:41:108:41:108:Infinity":14,"s:110:4:145:Infinity":39,"b:113:116:113:152:113:152:113:183":15,"b:114:65:114:102:114:102:114:136":16,"b:118:25:118:57:118:57:118:Infinity":17,"b:118:76:118:110:118:110:118:Infinity":18,"b:123:16:123:Infinity:124:16:124:Infinity":19,"b:127:11:127:30:127:30:127:Infinity:128:12:135:Infinity":20,"f:129:34:129:35":5,"s:130:16:133:Infinity":40,"b:130:120:130:222:130:222:130:327":21,"b:131:88:131:103:131:103:131:116":22,"b:140:164:140:209:140:209:140:251":23,"b:142:31:142:67:142:67:142:84":24,"s:149:19:149:Infinity":41,"s:151:2:237:Infinity":42,"f:156:25:156:26":6,"s:157:12:159:Infinity":43,"b:158:76:158:92:158:92:158:122":25,"f:190:25:190:31":7,"s:190:31:190:Infinity":44,"f:196:25:196:31":8,"s:196:31:196:Infinity":45,"f:205:25:205:31":9,"s:205:31:205:Infinity":46,"b:212:17:212:Infinity:213:18:230:Infinity":26,"f:224:33:224:39":10,"s:224:39:224:Infinity":47}}}
,"/home/abhinav/Documents/Learning/virtual-prompt-wars/VPW-challenge-2/frontend/src/services/api.js": {"path":"/home/abhinav/Documents/Learning/virtual-prompt-wars/VPW-challenge-2/frontend/src/services/api.js","statementMap":{"0":{"start":{"line":8,"column":21},"end":{"line":8,"column":80}},"1":{"start":{"line":13,"column":23},"end":{"line":19,"column":1}},"2":{"start":{"line":14,"column":2},"end":{"line":17,"column":null}},"3":{"start":{"line":15,"column":22},"end":{"line":15,"column":86}},"4":{"start":{"line":15,"column":57},"end":{"line":15,"column":84}},"5":{"start":{"line":16,"column":4},"end":{"line":16,"column":null}},"6":{"start":{"line":18,"column":2},"end":{"line":18,"column":null}},"7":{"start":{"line":24,"column":32},"end":{"line":31,"column":1}},"8":{"start":{"line":25,"column":19},"end":{"line":29,"column":4}},"9":{"start":{"line":30,"column":2},"end":{"line":30,"column":null}},"10":{"start":{"line":36,"column":21},"end":{"line":43,"column":1}},"11":{"start":{"line":37,"column":19},"end":{"line":41,"column":4}},"12":{"start":{"line":42,"column":2},"end":{"line":42,"column":null}},"13":{"start":{"line":48,"column":36},"end":{"line":51,"column":1}},"14":{"start":{"line":49,"column":19},"end":{"line":49,"column":68}},"15":{"start":{"line":50,"column":2},"end":{"line":50,"column":null}},"16":{"start":{"line":56,"column":31},"end":{"line":63,"column":1}},"17":{"start":{"line":57,"column":16},"end":{"line":57,"column":37}},"18":{"start":{"line":58,"column":2},"end":{"line":58,"column":null}},"19":{"start":{"line":58,"column":17},"end":{"line":58,"column":null}},"20":{"start":{"line":59,"column":2},"end":{"line":59,"column":null}},"21":{"start":{"line":59,"column":16},"end":{"line":59,"column":null}},"22":{"start":{"line":61,"column":19},"end":{"line":61,"column":93}},"23":{"start":{"line":62,"column":2},"end":{"line":62,"column":null}},"24":{"start":{"line":68,"column":36},"end":{"line":71,"column":1}},"25":{"start":{"line":69,"column":19},"end":{"line":69,"column":69}},"26":{"start":{"line":70,"column":2},"end":{"line":70,"column":null}},"27":{"start":{"line":76,"column":36},"end":{"line":79,"column":1}},"28":{"start":{"line":77,"column":19},"end":{"line":77,"column":87}},"29":{"start":{"line":78,"column":2},"end":{"line":78,"column":null}},"30":{"start":{"line":84,"column":31},"end":{"line":87,"column":1}},"31":{"start":{"line":85,"column":19},"end":{"line":85,"column":63}},"32":{"start":{"line":86,"column":2},"end":{"line":86,"column":null}},"33":{"start":{"line":92,"column":32},"end":{"line":98,"column":1}},"34":{"start":{"line":93,"column":14},"end":{"line":95,"column":38}},"35":{"start":{"line":96,"column":19},"end":{"line":96,"column":35}},"36":{"start":{"line":97,"column":2},"end":{"line":97,"column":null}},"37":{"start":{"line":103,"column":25},"end":{"line":110,"column":1}},"38":{"start":{"line":104,"column":19},"end":{"line":108,"column":4}},"39":{"start":{"line":109,"column":2},"end":{"line":109,"column":null}},"40":{"start":{"line":115,"column":26},"end":{"line":118,"column":1}},"41":{"start":{"line":116,"column":19},"end":{"line":116,"column":57}},"42":{"start":{"line":117,"column":2},"end":{"line":117,"column":null}},"43":{"start":{"line":124,"column":29},"end":{"line":131,"column":1}},"44":{"start":{"line":125,"column":19},"end":{"line":129,"column":4}},"45":{"start":{"line":130,"column":2},"end":{"line":130,"column":null}},"46":{"start":{"line":137,"column":28},"end":{"line":144,"column":1}},"47":{"start":{"line":138,"column":19},"end":{"line":142,"column":4}},"48":{"start":{"line":143,"column":2},"end":{"line":143,"column":null}}},"fnMap":{"0":{"name":"(anonymous_0)","decl":{"start":{"line":13,"column":23},"end":{"line":13,"column":28}},"loc":{"start":{"line":13,"column":43},"end":{"line":19,"column":1}},"line":13},"1":{"name":"(anonymous_1)","decl":{"start":{"line":15,"column":50},"end":{"line":15,"column":51}},"loc":{"start":{"line":15,"column":57},"end":{"line":15,"column":84}},"line":15},"2":{"name":"(anonymous_2)","decl":{"start":{"line":24,"column":32},"end":{"line":24,"column":37}},"loc":{"start":{"line":24,"column":48},"end":{"line":31,"column":1}},"line":24},"3":{"name":"(anonymous_3)","decl":{"start":{"line":36,"column":21},"end":{"line":36,"column":26}},"loc":{"start":{"line":36,"column":62},"end":{"line":43,"column":1}},"line":36},"4":{"name":"(anonymous_4)","decl":{"start":{"line":48,"column":36},"end":{"line":48,"column":41}},"loc":{"start":{"line":48,"column":48},"end":{"line":51,"column":1}},"line":48},"5":{"name":"(anonymous_5)","decl":{"start":{"line":56,"column":31},"end":{"line":56,"column":36}},"loc":{"start":{"line":56,"column":54},"end":{"line":63,"column":1}},"line":56},"6":{"name":"(anonymous_6)","decl":{"start":{"line":68,"column":36},"end":{"line":68,"column":41}},"loc":{"start":{"line":68,"column":48},"end":{"line":71,"column":1}},"line":68},"7":{"name":"(anonymous_7)","decl":{"start":{"line":76,"column":36},"end":{"line":76,"column":41}},"loc":{"start":{"line":76,"column":66},"end":{"line":79,"column":1}},"line":76},"8":{"name":"(anonymous_8)","decl":{"start":{"line":84,"column":31},"end":{"line":84,"column":36}},"loc":{"start":{"line":84,"column":43},"end":{"line":87,"column":1}},"line":84},"9":{"name":"(anonymous_9)","decl":{"start":{"line":92,"column":32},"end":{"line":92,"column":37}},"loc":{"start":{"line":92,"column":56},"end":{"line":98,"column":1}},"line":92},"10":{"name":"(anonymous_10)","decl":{"start":{"line":103,"column":25},"end":{"line":103,"column":30}},"loc":{"start":{"line":103,"column":57},"end":{"line":110,"column":1}},"line":103},"11":{"name":"(anonymous_11)","decl":{"start":{"line":115,"column":26},"end":{"line":115,"column":31}},"loc":{"start":{"line":115,"column":38},"end":{"line":118,"column":1}},"line":115},"12":{"name":"(anonymous_12)","decl":{"start":{"line":124,"column":29},"end":{"line":124,"column":34}},"loc":{"start":{"line":124,"column":68},"end":{"line":131,"column":1}},"line":124},"13":{"name":"(anonymous_13)","decl":{"start":{"line":137,"column":28},"end":{"line":137,"column":33}},"loc":{"start":{"line":137,"column":61},"end":{"line":144,"column":1}},"line":137}},"branchMap":{"0":{"loc":{"start":{"line":8,"column":21},"end":{"line":8,"column":80}},"type":"binary-expr","locations":[{"start":{"line":8,"column":21},"end":{"line":8,"column":49}},{"start":{"line":8,"column":53},"end":{"line":8,"column":80}}],"line":8},"1":{"loc":{"start":{"line":14,"column":2},"end":{"line":17,"column":null}},"type":"if","locations":[{"start":{"line":14,"column":2},"end":{"line":17,"column":null}},{"start":{},"end":{}}],"line":14},"2":{"loc":{"start":{"line":16,"column":20},"end":{"line":16,"column":80}},"type":"binary-expr","locations":[{"start":{"line":16,"column":20},"end":{"line":16,"column":36}},{"start":{"line":16,"column":40},"end":{"line":16,"column":80}}],"line":16},"3":{"loc":{"start":{"line":36,"column":45},"end":{"line":36,"column":57}},"type":"default-arg","locations":[{"start":{"line":36,"column":55},"end":{"line":36,"column":57}}],"line":36},"4":{"loc":{"start":{"line":56,"column":38},"end":{"line":56,"column":49}},"type":"default-arg","locations":[{"start":{"line":56,"column":47},"end":{"line":56,"column":49}}],"line":56},"5":{"loc":{"start":{"line":58,"column":2},"end":{"line":58,"column":null}},"type":"if","locations":[{"start":{"line":58,"column":2},"end":{"line":58,"column":null}},{"start":{},"end":{}}],"line":58},"6":{"loc":{"start":{"line":59,"column":2},"end":{"line":59,"column":null}},"type":"if","locations":[{"start":{"line":59,"column":2},"end":{"line":59,"column":null}},{"start":{},"end":{}}],"line":59},"7":{"loc":{"start":{"line":76,"column":43},"end":{"line":76,"column":61}},"type":"default-arg","locations":[{"start":{"line":76,"column":53},"end":{"line":76,"column":61}}],"line":76},"8":{"loc":{"start":{"line":92,"column":39},"end":{"line":92,"column":51}},"type":"default-arg","locations":[{"start":{"line":92,"column":47},"end":{"line":92,"column":51}}],"line":92},"9":{"loc":{"start":{"line":93,"column":14},"end":{"line":95,"column":38}},"type":"cond-expr","locations":[{"start":{"line":94,"column":6},"end":{"line":94,"column":null}},{"start":{"line":95,"column":6},"end":{"line":95,"column":38}}],"line":93},"10":{"loc":{"start":{"line":124,"column":42},"end":{"line":124,"column":63}},"type":"default-arg","locations":[{"start":{"line":124,"column":59},"end":{"line":124,"column":63}}],"line":124},"11":{"loc":{"start":{"line":137,"column":41},"end":{"line":137,"column":56}},"type":"default-arg","locations":[{"start":{"line":137,"column":52},"end":{"line":137,"column":56}}],"line":137}},"s":{"0":2,"1":2,"2":14,"3":2,"4":1,"5":2,"6":12,"7":2,"8":3,"9":2,"10":2,"11":1,"12":1,"13":2,"14":1,"15":1,"16":2,"17":1,"18":1,"19":1,"20":1,"21":1,"22":1,"23":1,"24":2,"25":2,"26":2,"27":2,"28":2,"29":2,"30":2,"31":1,"32":1,"33":2,"34":2,"35":2,"36":2,"37":2,"38":1,"39":1,"40":2,"41":1,"42":1,"43":2,"44":0,"45":0,"46":2,"47":0,"48":0},"f":{"0":14,"1":1,"2":3,"3":1,"4":1,"5":1,"6":2,"7":2,"8":1,"9":2,"10":1,"11":1,"12":0,"13":0},"b":{"0":[2,1],"1":[2,12],"2":[2,0],"3":[1],"4":[1],"5":[1,0],"6":[1,0],"7":[2],"8":[2],"9":[1,1],"10":[0],"11":[0]},"meta":{"lastBranch":12,"lastFunction":14,"lastStatement":49,"seen":{"s:8:21:8:80":0,"b:8:21:8:49:8:53:8:80":0,"s:13:23:19:1":1,"f:13:23:13:28":0,"b:14:2:17:Infinity:undefined:undefined:undefined:undefined":1,"s:14:2:17:Infinity":2,"s:15:22:15:86":3,"f:15:50:15:51":1,"s:15:57:15:84":4,"s:16:4:16:Infinity":5,"b:16:20:16:36:16:40:16:80":2,"s:18:2:18:Infinity":6,"s:24:32:31:1":7,"f:24:32:24:37":2,"s:25:19:29:4":8,"s:30:2:30:Infinity":9,"s:36:21:43:1":10,"f:36:21:36:26":3,"b:36:55:36:57":3,"s:37:19:41:4":11,"s:42:2:42:Infinity":12,"s:48:36:51:1":13,"f:48:36:48:41":4,"s:49:19:49:68":14,"s:50:2:50:Infinity":15,"s:56:31:63:1":16,"f:56:31:56:36":5,"b:56:47:56:49":4,"s:57:16:57:37":17,"b:58:2:58:Infinity:undefined:undefined:undefined:undefined":5,"s:58:2:58:Infinity":18,"s:58:17:58:Infinity":19,"b:59:2:59:Infinity:undefined:undefined:undefined:undefined":6,"s:59:2:59:Infinity":20,"s:59:16:59:Infinity":21,"s:61:19:61:93":22,"s:62:2:62:Infinity":23,"s:68:36:71:1":24,"f:68:36:68:41":6,"s:69:19:69:69":25,"s:70:2:70:Infinity":26,"s:76:36:79:1":27,"f:76:36:76:41":7,"b:76:53:76:61":7,"s:77:19:77:87":28,"s:78:2:78:Infinity":29,"s:84:31:87:1":30,"f:84:31:84:36":8,"s:85:19:85:63":31,"s:86:2:86:Infinity":32,"s:92:32:98:1":33,"f:92:32:92:37":9,"b:92:47:92:51":8,"s:93:14:95:38":34,"b:94:6:94:Infinity:95:6:95:38":9,"s:96:19:96:35":35,"s:97:2:97:Infinity":36,"s:103:25:110:1":37,"f:103:25:103:30":10,"s:104:19:108:4":38,"s:109:2:109:Infinity":39,"s:115:26:118:1":40,"f:115:26:115:31":11,"s:116:19:116:57":41,"s:117:2:117:Infinity":42,"s:124:29:131:1":43,"f:124:29:124:34":12,"b:124:59:124:63":10,"s:125:19:129:4":44,"s:130:2:130:Infinity":45,"s:137:28:144:1":46,"f:137:28:137:33":13,"b:137:52:137:56":11,"s:138:19:142:4":47,"s:143:2:143:Infinity":48}}}
,"/home/abhinav/Documents/Learning/virtual-prompt-wars/VPW-challenge-2/frontend/src/store/useAppStore.js": {"path":"/home/abhinav/Documents/Learning/virtual-prompt-wars/VPW-challenge-2/frontend/src/store/useAppStore.js","statementMap":{"0":{"start":{"line":4,"column":26},"end":{"line":39,"column":null}},"1":{"start":{"line":6,"column":14},"end":{"line":34,"column":5}},"2":{"start":{"line":17,"column":27},"end":{"line":17,"column":55}},"3":{"start":{"line":18,"column":33},"end":{"line":18,"column":70}},"4":{"start":{"line":19,"column":33},"end":{"line":19,"column":60}},"5":{"start":{"line":20,"column":33},"end":{"line":27,"column":8}},"6":{"start":{"line":21,"column":22},"end":{"line":21,"column":39}},"7":{"start":{"line":22,"column":25},"end":{"line":22,"column":52}},"8":{"start":{"line":23,"column":32},"end":{"line":25,"column":30}},"9":{"start":{"line":26,"column":8},"end":{"line":26,"column":null}},"10":{"start":{"line":28,"column":33},"end":{"line":30,"column":9}},"11":{"start":{"line":28,"column":49},"end":{"line":30,"column":7}},"12":{"start":{"line":29,"column":53},"end":{"line":29,"column":64}},"13":{"start":{"line":31,"column":25},"end":{"line":31,"column":96}},"14":{"start":{"line":31,"column":41},"end":{"line":31,"column":94}},"15":{"start":{"line":32,"column":28},"end":{"line":32,"column":97}},"16":{"start":{"line":32,"column":44},"end":{"line":32,"column":95}},"17":{"start":{"line":33,"column":34},"end":{"line":33,"column":64}}},"fnMap":{"0":{"name":"(anonymous_0)","decl":{"start":{"line":6,"column":4},"end":{"line":6,"column":5}},"loc":{"start":{"line":6,"column":14},"end":{"line":34,"column":5}},"line":6},"1":{"name":"(anonymous_1)","decl":{"start":{"line":17,"column":16},"end":{"line":17,"column":17}},"loc":{"start":{"line":17,"column":27},"end":{"line":17,"column":55}},"line":17},"2":{"name":"(anonymous_2)","decl":{"start":{"line":18,"column":19},"end":{"line":18,"column":20}},"loc":{"start":{"line":18,"column":33},"end":{"line":18,"column":70}},"line":18},"3":{"name":"(anonymous_3)","decl":{"start":{"line":19,"column":23},"end":{"line":19,"column":24}},"loc":{"start":{"line":19,"column":33},"end":{"line":19,"column":60}},"line":19},"4":{"name":"(anonymous_4)","decl":{"start":{"line":20,"column":13},"end":{"line":20,"column":14}},"loc":{"start":{"line":20,"column":33},"end":{"line":27,"column":8}},"line":20},"5":{"name":"(anonymous_5)","decl":{"start":{"line":20,"column":37},"end":{"line":20,"column":38}},"loc":{"start":{"line":20,"column":48},"end":{"line":27,"column":7}},"line":20},"6":{"name":"(anonymous_6)","decl":{"start":{"line":28,"column":25},"end":{"line":28,"column":26}},"loc":{"start":{"line":28,"column":33},"end":{"line":30,"column":9}},"line":28},"7":{"name":"(anonymous_7)","decl":{"start":{"line":28,"column":37},"end":{"line":28,"column":38}},"loc":{"start":{"line":28,"column":49},"end":{"line":30,"column":7}},"line":28},"8":{"name":"(anonymous_8)","decl":{"start":{"line":29,"column":48},"end":{"line":29,"column":49}},"loc":{"start":{"line":29,"column":53},"end":{"line":29,"column":64}},"line":29},"9":{"name":"(anonymous_9)","decl":{"start":{"line":31,"column":19},"end":{"line":31,"column":20}},"loc":{"start":{"line":31,"column":25},"end":{"line":31,"column":96}},"line":31},"10":{"name":"(anonymous_10)","decl":{"start":{"line":31,"column":29},"end":{"line":31,"column":30}},"loc":{"start":{"line":31,"column":41},"end":{"line":31,"column":94}},"line":31},"11":{"name":"(anonymous_11)","decl":{"start":{"line":32,"column":22},"end":{"line":32,"column":23}},"loc":{"start":{"line":32,"column":28},"end":{"line":32,"column":97}},"line":32},"12":{"name":"(anonymous_12)","decl":{"start":{"line":32,"column":32},"end":{"line":32,"column":33}},"loc":{"start":{"line":32,"column":44},"end":{"line":32,"column":95}},"line":32},"13":{"name":"(anonymous_13)","decl":{"start":{"line":33,"column":22},"end":{"line":33,"column":23}},"loc":{"start":{"line":33,"column":34},"end":{"line":33,"column":64}},"line":33}},"branchMap":{"0":{"loc":{"start":{"line":23,"column":32},"end":{"line":25,"column":30}},"type":"cond-expr","locations":[{"start":{"line":24,"column":12},"end":{"line":24,"column":101}},{"start":{"line":25,"column":12},"end":{"line":25,"column":30}}],"line":23},"1":{"loc":{"start":{"line":31,"column":50},"end":{"line":31,"column":92}},"type":"cond-expr","locations":[{"start":{"line":31,"column":76},"end":{"line":31,"column":82}},{"start":{"line":31,"column":85},"end":{"line":31,"column":92}}],"line":31},"2":{"loc":{"start":{"line":32,"column":56},"end":{"line":32,"column":93}},"type":"cond-expr","locations":[{"start":{"line":32,"column":82},"end":{"line":32,"column":86}},{"start":{"line":32,"column":89},"end":{"line":32,"column":93}}],"line":32}},"s":{"0":1,"1":1,"2":1,"3":1,"4":1,"5":11,"6":11,"7":11,"8":11,"9":11,"10":1,"11":1,"12":1,"13":3,"14":3,"15":1,"16":1,"17":1},"f":{"0":1,"1":1,"2":1,"3":1,"4":11,"5":11,"6":1,"7":1,"8":1,"9":3,"10":3,"11":1,"12":1,"13":1},"b":{"0":[11,0],"1":[2,1],"2":[1,0]},"meta":{"lastBranch":3,"lastFunction":14,"lastStatement":18,"seen":{"s:4:26:39:Infinity":0,"f:6:4:6:5":0,"s:6:14:34:5":1,"f:17:16:17:17":1,"s:17:27:17:55":2,"f:18:19:18:20":2,"s:18:33:18:70":3,"f:19:23:19:24":3,"s:19:33:19:60":4,"f:20:13:20:14":4,"s:20:33:27:8":5,"f:20:37:20:38":5,"s:21:22:21:39":6,"s:22:25:22:52":7,"s:23:32:25:30":8,"b:24:12:24:101:25:12:25:30":0,"s:26:8:26:Infinity":9,"f:28:25:28:26":6,"s:28:33:30:9":10,"f:28:37:28:38":7,"s:28:49:30:7":11,"f:29:48:29:49":8,"s:29:53:29:64":12,"f:31:19:31:20":9,"s:31:25:31:96":13,"f:31:29:31:30":10,"s:31:41:31:94":14,"b:31:76:31:82:31:85:31:92":1,"f:32:22:32:23":11,"s:32:28:32:97":15,"f:32:32:32:33":12,"s:32:44:32:95":16,"b:32:82:32:86:32:89:32:93":2,"f:33:22:33:23":13,"s:33:34:33:64":17}}}
}
